<?xml version="1.0" encoding="UTF-8"?>
<!-- Generated by org.testng.reporters.JUnitXMLReporter -->
<testsuite ignored="0" hostname="DESKTOP-STBG1U9" failures="0" tests="6" name="Test" time="0.079" errors="0" timestamp="2020-07-07T23:15:18 IST">
  <testcase classname="Selflearning.Mavenjava.SeleniumTest" name="SeleniumTest1" time="0.009"/>
  <testcase classname="Selflearning.Mavenjava.SeleniumTest" name="SeleniumTest2" time="0.0"/>
  <testcase classname="Selflearning.Mavenjava.AppiumTest" name="AndroidAPP" time="0.001"/>
  <testcase classname="Selflearning.Mavenjava.AppiumTest" name="iOSAPP" time="0.0"/>
  <testcase classname="Selflearning.Mavenjava.RestAPITest" name="SignINAPI" time="0.0"/>
  <testcase classname="Selflearning.Mavenjava.RestAPITest" name="SingOutAPI" time="0.001"/>
</testsuite> <!-- Test -->
